d:\temp\micrium_win32_os2\micrium\software\evalboards\microsoft\windows\os2\visual studio\debug\vc140.pdb
d:\temp\micrium_win32_os2\micrium\software\evalboards\microsoft\windows\os2\visual studio\debug\vc140.idb
d:\temp\micrium_win32_os2\micrium\software\evalboards\microsoft\windows\os2\visual studio\debug\lib_ascii.obj
d:\temp\micrium_win32_os2\micrium\software\evalboards\microsoft\windows\os2\visual studio\debug\lib_math.obj
d:\temp\micrium_win32_os2\micrium\software\evalboards\microsoft\windows\os2\visual studio\debug\lib_mem.obj
d:\temp\micrium_win32_os2\micrium\software\evalboards\microsoft\windows\os2\visual studio\debug\lib_str.obj
d:\temp\micrium_win32_os2\micrium\software\evalboards\microsoft\windows\os2\visual studio\debug\os_cpu_c.obj
d:\temp\micrium_win32_os2\micrium\software\evalboards\microsoft\windows\os2\visual studio\debug\os_core.obj
d:\temp\micrium_win32_os2\micrium\software\evalboards\microsoft\windows\os2\visual studio\debug\os_dbg_r.obj
d:\temp\micrium_win32_os2\micrium\software\evalboards\microsoft\windows\os2\visual studio\debug\os_flag.obj
d:\temp\micrium_win32_os2\micrium\software\evalboards\microsoft\windows\os2\visual studio\debug\os_mbox.obj
d:\temp\micrium_win32_os2\micrium\software\evalboards\microsoft\windows\os2\visual studio\debug\os_mem.obj
d:\temp\micrium_win32_os2\micrium\software\evalboards\microsoft\windows\os2\visual studio\debug\os_mutex.obj
d:\temp\micrium_win32_os2\micrium\software\evalboards\microsoft\windows\os2\visual studio\debug\os_q.obj
d:\temp\micrium_win32_os2\micrium\software\evalboards\microsoft\windows\os2\visual studio\debug\os_sem.obj
d:\temp\micrium_win32_os2\micrium\software\evalboards\microsoft\windows\os2\visual studio\debug\os_task.obj
d:\temp\micrium_win32_os2\micrium\software\evalboards\microsoft\windows\os2\visual studio\debug\os_time.obj
d:\temp\micrium_win32_os2\micrium\software\evalboards\microsoft\windows\os2\visual studio\debug\os_tmr.obj
d:\temp\micrium_win32_os2\micrium\software\evalboards\microsoft\windows\os2\visual studio\debug\bsp.obj
d:\temp\micrium_win32_os2\micrium\software\evalboards\microsoft\windows\os2\visual studio\debug\cpu_bsp.obj
d:\temp\micrium_win32_os2\micrium\software\evalboards\microsoft\windows\os2\visual studio\debug\app.obj
d:\temp\micrium_win32_os2\micrium\software\evalboards\microsoft\windows\os2\visual studio\debug\app_hooks.obj
d:\temp\micrium_win32_os2\micrium\software\evalboards\microsoft\windows\os2\visual studio\debug\cpu_core.obj
d:\temp\micrium_win32_os2\micrium\software\evalboards\microsoft\windows\os2\visual studio\debug\cpu_c.obj
d:\temp\micrium_win32_os2\micrium\software\evalboards\microsoft\windows\os2\visual studio\debug\os2.ilk
d:\temp\micrium_win32_os2\micrium\software\evalboards\microsoft\windows\os2\visual studio\debug\os2.exe
d:\temp\micrium_win32_os2\micrium\software\evalboards\microsoft\windows\os2\visual studio\debug\os2.pdb
d:\temp\micrium_win32_os2\micrium\software\evalboards\microsoft\windows\os2\visual studio\debug\os2.tlog\cl.command.1.tlog
d:\temp\micrium_win32_os2\micrium\software\evalboards\microsoft\windows\os2\visual studio\debug\os2.tlog\cl.read.1.tlog
d:\temp\micrium_win32_os2\micrium\software\evalboards\microsoft\windows\os2\visual studio\debug\os2.tlog\cl.write.1.tlog
d:\temp\micrium_win32_os2\micrium\software\evalboards\microsoft\windows\os2\visual studio\debug\os2.tlog\link.command.1.tlog
d:\temp\micrium_win32_os2\micrium\software\evalboards\microsoft\windows\os2\visual studio\debug\os2.tlog\link.read.1.tlog
d:\temp\micrium_win32_os2\micrium\software\evalboards\microsoft\windows\os2\visual studio\debug\os2.tlog\link.write.1.tlog
